models/am/feat.params
models/am/mdef
models/am/means
models/am/mixture_weights
models/am/noisedict
models/am/transition_matrices
models/am/variances
models/dict/cmu07a.dic
models/dict/constituicao.dic
models/grammar/digitos.gram
models/grammar/digits.gram
models/grammar/menu.gram
models/hmm/en-us-semi/README
models/hmm/en-us-semi/feat.params
models/hmm/en-us-semi/mdef
models/hmm/en-us-semi/means
models/hmm/en-us-semi/noisedict
models/hmm/en-us-semi/sendump
models/hmm/en-us-semi/transition_matrices
models/hmm/en-us-semi/variances